[debug] [2023-11-13T13:30:04.283Z] ----------------------------------------------------------------------
[debug] [2023-11-13T13:30:04.284Z] Command:       /usr/local/bin/node /usr/local/bin/firebase init hosting:github
[debug] [2023-11-13T13:30:04.285Z] CLI Version:   12.4.4
[debug] [2023-11-13T13:30:04.285Z] Platform:      darwin
[debug] [2023-11-13T13:30:04.285Z] Node Version:  v18.16.1
[debug] [2023-11-13T13:30:04.286Z] Time:          Mon Nov 13 2023 16:30:04 GMT+0300 (GMT+03:00)
[debug] [2023-11-13T13:30:04.286Z] ----------------------------------------------------------------------
[debug] 
[debug] [2023-11-13T13:30:04.352Z] > command requires scopes: ["email","openid","https://www.googleapis.com/auth/cloudplatformprojects.readonly","https://www.googleapis.com/auth/firebase","https://www.googleapis.com/auth/cloud-platform"]
[debug] [2023-11-13T13:30:04.353Z] > authorizing via signed-in user (onuruca33@gmail.com)
[info] 
     ######## #### ########  ######## ########     ###     ######  ########
     ##        ##  ##     ## ##       ##     ##  ##   ##  ##       ##
     ######    ##  ########  ######   ########  #########  ######  ######
     ##        ##  ##    ##  ##       ##     ## ##     ##       ## ##
     ##       #### ##     ## ######## ########  ##     ##  ######  ########

You're about to initialize a Firebase project in this directory:

  /Users/onuruca

Before we get started, keep in mind:

  * You are initializing your home directory as a Firebase project directory
  * You are initializing within an existing Firebase project directory

[info] 
=== Project Setup
[info] 
[info] First, let's associate this project directory with a Firebase project.
[info] You can create multiple project aliases by running firebase use --add, 
[info] but for now we'll just set up a default project.
[info] 
[debug] [2023-11-13T13:30:04.357Z] Using project from CLI flag: bilginpara-23b5a
[debug] [2023-11-13T13:30:04.359Z] >>> [apiv2][query] GET https://firebase.googleapis.com/v1beta1/projects/bilginpara-23b5a [none]
[debug] [2023-11-13T13:30:04.809Z] <<< [apiv2][status] GET https://firebase.googleapis.com/v1beta1/projects/bilginpara-23b5a 200
[debug] [2023-11-13T13:30:04.809Z] <<< [apiv2][body] GET https://firebase.googleapis.com/v1beta1/projects/bilginpara-23b5a {"projectId":"bilginpara-23b5a","projectNumber":"1085043728854","displayName":"BilginPara","name":"projects/bilginpara-23b5a","resources":{"hostingSite":"bilginpara-23b5a","realtimeDatabaseInstance":"bilginpara-23b5a-default-rtdb"},"state":"ACTIVE","etag":"1_aad15967-04cf-46f0-bff7-4a942eb3276f"}
[info] i  Using project bilginpara-23b5a (BilginPara) 
[info] 
=== Hosting:github Setup
[info] 
[info] i  Detected a .git folder at /Users/onuruca 
[info] i  Authorizing with GitHub to upload your service account to a GitHub repository's secrets store. 
[info] 
[info] Visit this URL on this device to log in:
[info] https://github.com/login/oauth/authorize?client_id=89cf50f02ac6aaed3484&state=550448295&redirect_uri=http%3A%2F%2Flocalhost%3A9005&scope=read%3Auser%20repo%20public_repo
[info] 
[info] Waiting for authentication...
[debug] [2023-11-13T13:30:05.426Z] >>> [apiv2][query] POST https://github.com/login/oauth/access_token [none]
[debug] [2023-11-13T13:30:05.427Z] >>> [apiv2][body] POST https://github.com/login/oauth/access_token [stream]
[debug] [2023-11-13T13:30:05.860Z] <<< [apiv2][status] POST https://github.com/login/oauth/access_token 200
[debug] [2023-11-13T13:30:05.861Z] <<< [apiv2][body] POST https://github.com/login/oauth/access_token {"access_token":"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","token_type":"bearer","scope":"read:user,repo"}
[debug] [2023-11-13T13:30:05.868Z] >>> [apiv2][query] GET https://api.github.com/user [none]
[debug] [2023-11-13T13:30:06.294Z] <<< [apiv2][status] GET https://api.github.com/user 200
[debug] [2023-11-13T13:30:06.294Z] <<< [apiv2][body] GET https://api.github.com/user {"login":"OnurUCA","id":60344632,"node_id":"MDQ6VXNlcjYwMzQ0NjMy","avatar_url":"https://avatars.githubusercontent.com/u/60344632?v=4","gravatar_id":"","url":"https://api.github.com/users/OnurUCA","html_url":"https://github.com/OnurUCA","followers_url":"https://api.github.com/users/OnurUCA/followers","following_url":"https://api.github.com/users/OnurUCA/following{/other_user}","gists_url":"https://api.github.com/users/OnurUCA/gists{/gist_id}","starred_url":"https://api.github.com/users/OnurUCA/starred{/owner}{/repo}","subscriptions_url":"https://api.github.com/users/OnurUCA/subscriptions","organizations_url":"https://api.github.com/users/OnurUCA/orgs","repos_url":"https://api.github.com/users/OnurUCA/repos","events_url":"https://api.github.com/users/OnurUCA/events{/privacy}","received_events_url":"https://api.github.com/users/OnurUCA/received_events","type":"User","site_admin":false,"name":"Onur Uca","company":"Mersin University","blog":"https://www.linkedin.com/in/ucaonur/","location":"TA5AOX","email":null,"hireable":null,"bio":" My focus is on revealing the possible solutions that artificial intelligence technologies can bring to social problems.","twitter_username":"onuruca33_uca","public_repos":17,"public_gists":0,"followers":1,"following":19,"created_at":"2020-01-27T10:36:00Z","updated_at":"2023-03-07T09:19:40Z","private_gists":0,"total_private_repos":1,"owned_private_repos":1,"disk_usage":12074,"collaborators":0,"two_factor_authentication":false,"plan":{"name":"free","space":976562499,"collaborators":0,"private_repos":10000}}
[info] 
[info] ✔  Success! Logged into GitHub as OnurUCA 
[info] 
